{"/Users/haoxu/Documents/learn-nodejs/projects/test/main.js":{"path":"/Users/haoxu/Documents/learn-nodejs/projects/test/main.js","s":{"1":1,"2":182,"3":1,"4":181,"5":1,"6":180,"7":1,"8":179,"9":35,"10":144,"11":56,"12":88,"13":1,"14":0,"15":0,"16":1},"b":{"1":[1,181],"2":[1,180],"3":[1,179],"4":[35,144],"5":[56,88],"6":[0,1]},"f":{"1":182},"fnMap":{"1":{"name":"fibonacci","line":3,"loc":{"start":{"line":3,"column":0},"end":{"line":3,"column":22}}}},"statementMap":{"1":{"start":{"line":3,"column":0},"end":{"line":10,"column":1}},"2":{"start":{"line":4,"column":4},"end":{"line":4,"column":58}},"3":{"start":{"line":4,"column":18},"end":{"line":4,"column":58}},"4":{"start":{"line":5,"column":4},"end":{"line":9,"column":52}},"5":{"start":{"line":5,"column":15},"end":{"line":5,"column":48}},"6":{"start":{"line":6,"column":9},"end":{"line":9,"column":52}},"7":{"start":{"line":6,"column":21},"end":{"line":6,"column":55}},"8":{"start":{"line":7,"column":9},"end":{"line":9,"column":52}},"9":{"start":{"line":7,"column":22},"end":{"line":7,"column":31}},"10":{"start":{"line":8,"column":9},"end":{"line":9,"column":52}},"11":{"start":{"line":8,"column":22},"end":{"line":8,"column":31}},"12":{"start":{"line":9,"column":9},"end":{"line":9,"column":52}},"13":{"start":{"line":12,"column":0},"end":{"line":16,"column":1}},"14":{"start":{"line":14,"column":4},"end":{"line":14,"column":42}},"15":{"start":{"line":15,"column":4},"end":{"line":15,"column":55}},"16":{"start":{"line":18,"column":0},"end":{"line":18,"column":30}}},"branchMap":{"1":{"line":4,"type":"if","locations":[{"start":{"line":4,"column":4},"end":{"line":4,"column":4}},{"start":{"line":4,"column":4},"end":{"line":4,"column":4}}]},"2":{"line":5,"type":"if","locations":[{"start":{"line":5,"column":4},"end":{"line":5,"column":4}},{"start":{"line":5,"column":4},"end":{"line":5,"column":4}}]},"3":{"line":6,"type":"if","locations":[{"start":{"line":6,"column":9},"end":{"line":6,"column":9}},{"start":{"line":6,"column":9},"end":{"line":6,"column":9}}]},"4":{"line":7,"type":"if","locations":[{"start":{"line":7,"column":9},"end":{"line":7,"column":9}},{"start":{"line":7,"column":9},"end":{"line":7,"column":9}}]},"5":{"line":8,"type":"if","locations":[{"start":{"line":8,"column":9},"end":{"line":8,"column":9}},{"start":{"line":8,"column":9},"end":{"line":8,"column":9}}]},"6":{"line":12,"type":"if","locations":[{"start":{"line":12,"column":0},"end":{"line":12,"column":0}},{"start":{"line":12,"column":0},"end":{"line":12,"column":0}}]}}}}